2018-12-28 11:21:58.779 ERROR 7008 --- [restartedMain] o.s.boot.SpringApplication               : Application run failed

org.springframework.boot.context.properties.bind.BindException: Failed to bind properties under 'logging.level' to java.util.Map<java.lang.String, java.lang.String>
	at org.springframework.boot.context.properties.bind.Binder.handleBindError(Binder.java:249) ~[spring-boot-2.1.1.RELEASE.jar:2.1.1.RELEASE]
	at org.springframework.boot.context.properties.bind.Binder.bind(Binder.java:225) ~[spring-boot-2.1.1.RELEASE.jar:2.1.1.RELEASE]
	at org.springframework.boot.context.properties.bind.Binder.bind(Binder.java:208) ~[spring-boot-2.1.1.RELEASE.jar:2.1.1.RELEASE]
	at org.springframework.boot.context.properties.bind.Binder.bind(Binder.java:177) ~[spring-boot-2.1.1.RELEASE.jar:2.1.1.RELEASE]
	at org.springframework.boot.context.logging.LoggingApplicationListener.setLogLevels(LoggingApplicationListener.java:338) ~[spring-boot-2.1.1.RELEASE.jar:2.1.1.RELEASE]
	at org.springframework.boot.context.logging.LoggingApplicationListener.initializeFinalLoggingLevels(LoggingApplicationListener.java:319) ~[spring-boot-2.1.1.RELEASE.jar:2.1.1.RELEASE]
	at org.springframework.boot.context.logging.LoggingApplicationListener.initialize(LoggingApplicationListener.java:267) ~[spring-boot-2.1.1.RELEASE.jar:2.1.1.RELEASE]
	at org.springframework.boot.context.logging.LoggingApplicationListener.onApplicationEnvironmentPreparedEvent(LoggingApplicationListener.java:229) ~[spring-boot-2.1.1.RELEASE.jar:2.1.1.RELEASE]
	at org.springframework.boot.context.logging.LoggingApplicationListener.onApplicationEvent(LoggingApplicationListener.java:202) ~[spring-boot-2.1.1.RELEASE.jar:2.1.1.RELEASE]
	at org.springframework.context.event.SimpleApplicationEventMulticaster.doInvokeListener(SimpleApplicationEventMulticaster.java:172) ~[spring-context-5.1.3.RELEASE.jar:5.1.3.RELEASE]
	at org.springframework.context.event.SimpleApplicationEventMulticaster.invokeListener(SimpleApplicationEventMulticaster.java:165) ~[spring-context-5.1.3.RELEASE.jar:5.1.3.RELEASE]
	at org.springframework.context.event.SimpleApplicationEventMulticaster.multicastEvent(SimpleApplicationEventMulticaster.java:139) ~[spring-context-5.1.3.RELEASE.jar:5.1.3.RELEASE]
	at org.springframework.context.event.SimpleApplicationEventMulticaster.multicastEvent(SimpleApplicationEventMulticaster.java:127) ~[spring-context-5.1.3.RELEASE.jar:5.1.3.RELEASE]
	at org.springframework.boot.context.event.EventPublishingRunListener.environmentPrepared(EventPublishingRunListener.java:75) ~[spring-boot-2.1.1.RELEASE.jar:2.1.1.RELEASE]
	at org.springframework.boot.SpringApplicationRunListeners.environmentPrepared(SpringApplicationRunListeners.java:54) ~[spring-boot-2.1.1.RELEASE.jar:2.1.1.RELEASE]
	at org.springframework.boot.SpringApplication.prepareEnvironment(SpringApplication.java:347) [spring-boot-2.1.1.RELEASE.jar:2.1.1.RELEASE]
	at org.springframework.boot.SpringApplication.run(SpringApplication.java:306) [spring-boot-2.1.1.RELEASE.jar:2.1.1.RELEASE]
	at org.springframework.boot.SpringApplication.run(SpringApplication.java:1260) [spring-boot-2.1.1.RELEASE.jar:2.1.1.RELEASE]
	at org.springframework.boot.SpringApplication.run(SpringApplication.java:1248) [spring-boot-2.1.1.RELEASE.jar:2.1.1.RELEASE]
	at cn.psy.homework11.Homework11Application.main(Homework11Application.java:12) [classes/:na]
	at sun.reflect.NativeMethodAccessorImpl.invoke0(Native Method) ~[na:1.8.0_162]
	at sun.reflect.NativeMethodAccessorImpl.invoke(NativeMethodAccessorImpl.java:62) ~[na:1.8.0_162]
	at sun.reflect.DelegatingMethodAccessorImpl.invoke(DelegatingMethodAccessorImpl.java:43) ~[na:1.8.0_162]
	at java.lang.reflect.Method.invoke(Method.java:498) ~[na:1.8.0_162]
	at org.springframework.boot.devtools.restart.RestartLauncher.run(RestartLauncher.java:49) [spring-boot-devtools-2.1.1.RELEASE.jar:2.1.1.RELEASE]
Caused by: org.springframework.core.convert.ConverterNotFoundException: No converter found capable of converting from type [java.lang.String] to type [java.util.Map<java.lang.String, java.lang.String>]
	at org.springframework.core.convert.support.GenericConversionService.handleConverterNotFound(GenericConversionService.java:321) ~[spring-core-5.1.3.RELEASE.jar:5.1.3.RELEASE]
	at org.springframework.core.convert.support.GenericConversionService.convert(GenericConversionService.java:194) ~[spring-core-5.1.3.RELEASE.jar:5.1.3.RELEASE]
	at org.springframework.boot.context.properties.bind.BindConverter$CompositeConversionService.convert(BindConverter.java:177) ~[spring-boot-2.1.1.RELEASE.jar:2.1.1.RELEASE]
	at org.springframework.boot.context.properties.bind.BindConverter.convert(BindConverter.java:98) ~[spring-boot-2.1.1.RELEASE.jar:2.1.1.RELEASE]
	at org.springframework.boot.context.properties.bind.BindConverter.convert(BindConverter.java:90) ~[spring-boot-2.1.1.RELEASE.jar:2.1.1.RELEASE]
	at org.springframework.boot.context.properties.bind.MapBinder.bindAggregate(MapBinder.java:65) ~[spring-boot-2.1.1.RELEASE.jar:2.1.1.RELEASE]
	at org.springframework.boot.context.properties.bind.AggregateBinder.bind(AggregateBinder.java:58) ~[spring-boot-2.1.1.RELEASE.jar:2.1.1.RELEASE]
	at org.springframework.boot.context.properties.bind.Binder.lambda$bindAggregate$2(Binder.java:304) ~[spring-boot-2.1.1.RELEASE.jar:2.1.1.RELEASE]
	at org.springframework.boot.context.properties.bind.Binder$Context.withIncreasedDepth(Binder.java:448) ~[spring-boot-2.1.1.RELEASE.jar:2.1.1.RELEASE]
	at org.springframework.boot.context.properties.bind.Binder$Context.access$100(Binder.java:388) ~[spring-boot-2.1.1.RELEASE.jar:2.1.1.RELEASE]
	at org.springframework.boot.context.properties.bind.Binder.bindAggregate(Binder.java:303) ~[spring-boot-2.1.1.RELEASE.jar:2.1.1.RELEASE]
	at org.springframework.boot.context.properties.bind.Binder.bindObject(Binder.java:261) ~[spring-boot-2.1.1.RELEASE.jar:2.1.1.RELEASE]
	at org.springframework.boot.context.properties.bind.Binder.bind(Binder.java:220) ~[spring-boot-2.1.1.RELEASE.jar:2.1.1.RELEASE]
	... 23 common frames omitted

2018-12-28 11:24:26.161  INFO 2176 --- [restartedMain] cn.psy.homework11.Homework11Application  : Starting Homework11Application on nkgw10nh1408 with PID 2176 (D:\idea_workspace\homework11\target\classes started by Aaron.Peng in D:\idea_workspace\homework11)
2018-12-28 11:24:26.177 DEBUG 2176 --- [restartedMain] cn.psy.homework11.Homework11Application  : Running with Spring Boot v2.1.1.RELEASE, Spring v5.1.3.RELEASE
2018-12-28 11:24:26.177  INFO 2176 --- [restartedMain] cn.psy.homework11.Homework11Application  : No active profile set, falling back to default profiles: default
2018-12-28 11:24:26.255  INFO 2176 --- [restartedMain] .e.DevToolsPropertyDefaultsPostProcessor : Devtools property defaults active! Set 'spring.devtools.add-properties' to 'false' to disable
2018-12-28 11:24:26.255  INFO 2176 --- [restartedMain] .e.DevToolsPropertyDefaultsPostProcessor : For additional web related logging consider setting the 'logging.level.web' property to 'DEBUG'
2018-12-28 11:24:27.903  INFO 2176 --- [restartedMain] .s.d.r.c.RepositoryConfigurationDelegate : Multiple Spring Data modules found, entering strict repository configuration mode!
2018-12-28 11:24:27.903  INFO 2176 --- [restartedMain] .s.d.r.c.RepositoryConfigurationDelegate : Bootstrapping Spring Data repositories in DEFAULT mode.
2018-12-28 11:24:27.950  INFO 2176 --- [restartedMain] .s.d.r.c.RepositoryConfigurationDelegate : Finished Spring Data repository scanning in 16ms. Found 0 repository interfaces.
2018-12-28 11:24:28.565  INFO 2176 --- [restartedMain] trationDelegate$BeanPostProcessorChecker : Bean 'redisConfig' of type [cn.psy.homework11.util.RedisConfig$$EnhancerBySpringCGLIB$$30703ae4] is not eligible for getting processed by all BeanPostProcessors (for example: not eligible for auto-proxying)
2018-12-28 11:24:28.580  INFO 2176 --- [restartedMain] trationDelegate$BeanPostProcessorChecker : Bean 'org.springframework.transaction.annotation.ProxyTransactionManagementConfiguration' of type [org.springframework.transaction.annotation.ProxyTransactionManagementConfiguration$$EnhancerBySpringCGLIB$$4231f96b] is not eligible for getting processed by all BeanPostProcessors (for example: not eligible for auto-proxying)
2018-12-28 11:24:29.176  INFO 2176 --- [restartedMain] o.s.b.w.embedded.tomcat.TomcatWebServer  : Tomcat initialized with port(s): 8080 (http)
2018-12-28 11:24:29.208  INFO 2176 --- [restartedMain] o.apache.catalina.core.StandardService   : Starting service [Tomcat]
2018-12-28 11:24:29.208  INFO 2176 --- [restartedMain] org.apache.catalina.core.StandardEngine  : Starting Servlet Engine: Apache Tomcat/9.0.13
2018-12-28 11:24:29.223  INFO 2176 --- [restartedMain] o.a.catalina.core.AprLifecycleListener   : The APR based Apache Tomcat Native library which allows optimal performance in production environments was not found on the java.library.path: [C:\Program Files\Java\jdk1.8.0_162\bin;C:\Windows\Sun\Java\bin;C:\Windows\system32;C:\Windows;"C:\ProgramData\Oracle\Java\javapath;";C:\Windows\system32;C:\Windows;C:\Windows\System32\Wbem;C:\Windows\System32\WindowsPowerShell\v1.0\;C:\Program Files\Intel\WiFi\bin\;C:\Program Files\Common Files\Intel\WirelessCommon\;C:\Program Files\Git\cmd;C:\Program Files\MySQL\MySQL Utilities 1.6\;E:\Apache\apache-maven-3.6.0\bin\;"C:\Program Files\Java\jdk1.8.0_162\bin;C:\Program Files\Java\jdk1.8.0_162\jre\bin;";C:\Users\Aaron.peng\AppData\Local\Microsoft\WindowsApps;C:\Users\Aaron.peng\AppData\Local\GitHubDesktop\bin;.]
2018-12-28 11:24:29.442  INFO 2176 --- [restartedMain] o.a.c.c.C.[Tomcat].[localhost].[/]       : Initializing Spring embedded WebApplicationContext
2018-12-28 11:24:29.442  INFO 2176 --- [restartedMain] o.s.web.context.ContextLoader            : Root WebApplicationContext: initialization completed in 3187 ms
2018-12-28 11:24:30.188  INFO 2176 --- [restartedMain] c.a.d.s.b.a.DruidDataSourceAutoConfigure : Init DruidDataSource
2018-12-28 11:24:30.581  INFO 2176 --- [restartedMain] com.alibaba.druid.pool.DruidDataSource   : {dataSource-1} inited
2018-12-28 11:24:31.396  INFO 2176 --- [restartedMain] o.s.s.concurrent.ThreadPoolTaskExecutor  : Initializing ExecutorService 'applicationTaskExecutor'
2018-12-28 11:24:31.572  WARN 2176 --- [restartedMain] org.thymeleaf.templatemode.TemplateMode  : [THYMELEAF][restartedMain] Template Mode 'LEGACYHTML5' is deprecated. Using Template Mode 'HTML' instead.
2018-12-28 11:24:32.153  INFO 2176 --- [restartedMain] io.lettuce.core.EpollProvider            : Starting without optional epoll library
2018-12-28 11:24:32.168  INFO 2176 --- [restartedMain] io.lettuce.core.KqueueProvider           : Starting without optional kqueue library
2018-12-28 11:24:32.675  INFO 2176 --- [restartedMain] o.s.b.d.a.OptionalLiveReloadServer       : LiveReload server is running on port 35729
2018-12-28 11:24:33.278  INFO 2176 --- [restartedMain] s.a.ScheduledAnnotationBeanPostProcessor : No TaskScheduler/ScheduledExecutorService bean found for scheduled processing
2018-12-28 11:24:33.325  INFO 2176 --- [restartedMain] o.s.b.w.embedded.tomcat.TomcatWebServer  : Tomcat started on port(s): 8080 (http) with context path ''
2018-12-28 11:24:33.325  INFO 2176 --- [restartedMain] cn.psy.homework11.Homework11Application  : Started Homework11Application in 7.827 seconds (JVM running for 11.419)
2018-12-28 11:24:51.294  INFO 2176 --- [http-nio-8080-exec-1] o.a.c.c.C.[Tomcat].[localhost].[/]       : Initializing Spring DispatcherServlet 'dispatcherServlet'
2018-12-28 11:24:51.294  INFO 2176 --- [http-nio-8080-exec-1] o.s.web.servlet.DispatcherServlet        : Initializing Servlet 'dispatcherServlet'
2018-12-28 11:24:51.306  INFO 2176 --- [http-nio-8080-exec-1] o.s.web.servlet.DispatcherServlet        : Completed initialization in 12 ms
2018-12-28 11:25:02.282 DEBUG 2176 --- [http-nio-8080-exec-2] c.p.h.dao.UserDAO.queryUserByTel         : ==>  Preparing: select * from user where tel=? 
2018-12-28 11:25:02.313 DEBUG 2176 --- [http-nio-8080-exec-2] c.p.h.dao.UserDAO.queryUserByTel         : ==> Parameters: 17856690931(String)
2018-12-28 11:25:02.377 DEBUG 2176 --- [http-nio-8080-exec-2] c.p.h.dao.UserDAO.queryUserByTel         : <==      Total: 1
2018-12-28 11:25:02.408 DEBUG 2176 --- [http-nio-8080-exec-2] c.p.h.dao.PowerDAO.queryPowerByRole      : ==>  Preparing: select * from power where role_id=? 
2018-12-28 11:25:02.408 DEBUG 2176 --- [http-nio-8080-exec-2] c.p.h.dao.PowerDAO.queryPowerByRole      : ==> Parameters: 2(Integer)
2018-12-28 11:25:02.408 DEBUG 2176 --- [http-nio-8080-exec-2] c.p.h.dao.PowerDAO.queryPowerByRole      : <==      Total: 1
2018-12-28 11:25:02.461 DEBUG 2176 --- [http-nio-8080-exec-4] c.p.h.dao.RoleDAO.queryRoleById          : ==>  Preparing: select * from role where id=? 
2018-12-28 11:25:02.462 DEBUG 2176 --- [http-nio-8080-exec-4] c.p.h.dao.RoleDAO.queryRoleById          : ==> Parameters: 2(Integer)
2018-12-28 11:25:02.464 DEBUG 2176 --- [http-nio-8080-exec-4] c.p.h.dao.RoleDAO.queryRoleById          : <==      Total: 1
2018-12-28 11:25:02.471 DEBUG 2176 --- [http-nio-8080-exec-4] c.p.h.dao.PowerDAO.queryPowerByRole      : ==>  Preparing: select * from power where role_id=? 
2018-12-28 11:25:02.471 DEBUG 2176 --- [http-nio-8080-exec-4] c.p.h.dao.PowerDAO.queryPowerByRole      : ==> Parameters: 2(Integer)
2018-12-28 11:25:02.474 DEBUG 2176 --- [http-nio-8080-exec-4] c.p.h.dao.PowerDAO.queryPowerByRole      : <==      Total: 1
2018-12-28 11:25:02.486 DEBUG 2176 --- [http-nio-8080-exec-4] c.p.h.dao.MessageDAO.queryAllMessages    : ==>  Preparing: select * from message m left join reply r on m.id=r.message_id group by m.id order by r.reply_time desc 
2018-12-28 11:25:02.486 DEBUG 2176 --- [http-nio-8080-exec-4] c.p.h.dao.MessageDAO.queryAllMessages    : ==> Parameters: 
2018-12-28 11:25:02.488 DEBUG 2176 --- [http-nio-8080-exec-4] c.p.h.dao.MessageDAO.queryAllMessages    : <==      Total: 1
2018-12-28 11:25:02.684 DEBUG 2176 --- [http-nio-8080-exec-4] c.p.h.d.ReplyDAO.queryLastReplyTimeById  : ==>  Preparing: select max(reply_time) from reply where message_id=? 
2018-12-28 11:25:02.684 DEBUG 2176 --- [http-nio-8080-exec-4] c.p.h.d.ReplyDAO.queryLastReplyTimeById  : ==> Parameters: 34(String)
2018-12-28 11:25:02.688 DEBUG 2176 --- [http-nio-8080-exec-4] c.p.h.d.ReplyDAO.queryLastReplyTimeById  : <==      Total: 1
